{"/workspace/pessoal/aulas/manzano_exercicios/list/chapter_3/10/1/peterson.js": {"path":"/workspace/pessoal/aulas/manzano_exercicios/list/chapter_3/10/1/peterson.js","all":false,"statementMap":{"0":{"start":{"line":1,"column":0},"end":{"line":1,"column":24}},"1":{"start":{"line":2,"column":0},"end":{"line":2,"column":0}},"2":{"start":{"line":3,"column":0},"end":{"line":3,"column":29}}},"s":{"0":1,"1":1,"2":1},"branchMap":{"0":{"type":"branch","line":1,"loc":{"start":{"line":1,"column":16},"end":{"line":1,"column":24}},"locations":[{"start":{"line":1,"column":16},"end":{"line":1,"column":24}}]}},"b":{"0":[1]},"fnMap":{"0":{"name":"nothing","decl":{"start":{"line":1,"column":16},"end":{"line":1,"column":24}},"loc":{"start":{"line":1,"column":16},"end":{"line":1,"column":24}},"line":1}},"f":{"0":1}}
,"/workspace/pessoal/aulas/manzano_exercicios/list/chapter_3/9/1/peterson.js": {"path":"/workspace/pessoal/aulas/manzano_exercicios/list/chapter_3/9/1/peterson.js","all":false,"statementMap":{"0":{"start":{"line":1,"column":0},"end":{"line":1,"column":24}},"1":{"start":{"line":2,"column":0},"end":{"line":2,"column":0}},"2":{"start":{"line":3,"column":0},"end":{"line":3,"column":29}}},"s":{"0":1,"1":1,"2":1},"branchMap":{"0":{"type":"branch","line":1,"loc":{"start":{"line":1,"column":16},"end":{"line":1,"column":24}},"locations":[{"start":{"line":1,"column":16},"end":{"line":1,"column":24}}]}},"b":{"0":[1]},"fnMap":{"0":{"name":"nothing","decl":{"start":{"line":1,"column":16},"end":{"line":1,"column":24}},"loc":{"start":{"line":1,"column":16},"end":{"line":1,"column":24}},"line":1}},"f":{"0":1}}
,"/workspace/pessoal/aulas/manzano_exercicios/list/utils/testUtils.js": {"path":"/workspace/pessoal/aulas/manzano_exercicios/list/utils/testUtils.js","all":false,"statementMap":{"0":{"start":{"line":1,"column":0},"end":{"line":1,"column":24}},"1":{"start":{"line":2,"column":0},"end":{"line":2,"column":28}},"2":{"start":{"line":3,"column":0},"end":{"line":3,"column":0}},"3":{"start":{"line":4,"column":0},"end":{"line":4,"column":56}},"4":{"start":{"line":5,"column":0},"end":{"line":5,"column":48}},"5":{"start":{"line":6,"column":0},"end":{"line":6,"column":41}},"6":{"start":{"line":7,"column":0},"end":{"line":7,"column":79}},"7":{"start":{"line":8,"column":0},"end":{"line":8,"column":0}},"8":{"start":{"line":9,"column":0},"end":{"line":9,"column":31}},"9":{"start":{"line":10,"column":0},"end":{"line":10,"column":59}},"10":{"start":{"line":11,"column":0},"end":{"line":11,"column":38}},"11":{"start":{"line":12,"column":0},"end":{"line":12,"column":28}},"12":{"start":{"line":13,"column":0},"end":{"line":13,"column":4}},"13":{"start":{"line":14,"column":0},"end":{"line":14,"column":1}},"14":{"start":{"line":15,"column":0},"end":{"line":15,"column":0}},"15":{"start":{"line":16,"column":0},"end":{"line":16,"column":43}},"16":{"start":{"line":17,"column":0},"end":{"line":17,"column":36}},"17":{"start":{"line":18,"column":0},"end":{"line":18,"column":15}},"18":{"start":{"line":19,"column":0},"end":{"line":19,"column":37}},"19":{"start":{"line":20,"column":0},"end":{"line":20,"column":50}},"20":{"start":{"line":21,"column":0},"end":{"line":21,"column":20}},"21":{"start":{"line":22,"column":0},"end":{"line":22,"column":7}},"22":{"start":{"line":23,"column":0},"end":{"line":23,"column":86}},"23":{"start":{"line":24,"column":0},"end":{"line":24,"column":1}},"24":{"start":{"line":25,"column":0},"end":{"line":25,"column":0}},"25":{"start":{"line":26,"column":0},"end":{"line":26,"column":78}},"26":{"start":{"line":27,"column":0},"end":{"line":27,"column":0}},"27":{"start":{"line":28,"column":0},"end":{"line":28,"column":52}},"28":{"start":{"line":29,"column":0},"end":{"line":29,"column":51}},"29":{"start":{"line":30,"column":0},"end":{"line":30,"column":57}},"30":{"start":{"line":31,"column":0},"end":{"line":31,"column":74}},"31":{"start":{"line":32,"column":0},"end":{"line":32,"column":1}},"32":{"start":{"line":33,"column":0},"end":{"line":33,"column":0}},"33":{"start":{"line":34,"column":0},"end":{"line":34,"column":40}},"34":{"start":{"line":35,"column":0},"end":{"line":35,"column":58}},"35":{"start":{"line":36,"column":0},"end":{"line":36,"column":51}},"36":{"start":{"line":37,"column":0},"end":{"line":37,"column":29}},"37":{"start":{"line":38,"column":0},"end":{"line":38,"column":88}},"38":{"start":{"line":39,"column":0},"end":{"line":39,"column":41}},"39":{"start":{"line":40,"column":0},"end":{"line":40,"column":65}},"40":{"start":{"line":41,"column":0},"end":{"line":41,"column":17}},"41":{"start":{"line":42,"column":0},"end":{"line":42,"column":1}},"42":{"start":{"line":43,"column":0},"end":{"line":43,"column":0}},"43":{"start":{"line":44,"column":0},"end":{"line":44,"column":68}},"44":{"start":{"line":45,"column":0},"end":{"line":45,"column":0}},"45":{"start":{"line":46,"column":0},"end":{"line":46,"column":46}}},"s":{"0":1,"1":1,"2":1,"3":1,"4":2,"5":2,"6":2,"7":2,"8":2,"9":2,"10":2,"11":2,"12":2,"13":2,"14":1,"15":1,"16":2,"17":2,"18":0,"19":0,"20":0,"21":0,"22":2,"23":2,"24":1,"25":1,"26":1,"27":1,"28":0,"29":0,"30":0,"31":0,"32":1,"33":1,"34":2,"35":2,"36":2,"37":2,"38":2,"39":2,"40":2,"41":2,"42":1,"43":1,"44":1,"45":1},"branchMap":{"0":{"type":"branch","line":4,"loc":{"start":{"line":4,"column":23},"end":{"line":14,"column":1}},"locations":[{"start":{"line":4,"column":23},"end":{"line":14,"column":1}}]},"1":{"type":"branch","line":7,"loc":{"start":{"line":7,"column":4},"end":{"line":7,"column":8}},"locations":[{"start":{"line":7,"column":4},"end":{"line":7,"column":8}}]},"2":{"type":"branch","line":9,"loc":{"start":{"line":9,"column":19},"end":{"line":13,"column":4}},"locations":[{"start":{"line":9,"column":19},"end":{"line":13,"column":4}}]},"3":{"type":"branch","line":16,"loc":{"start":{"line":16,"column":20},"end":{"line":24,"column":1}},"locations":[{"start":{"line":16,"column":20},"end":{"line":24,"column":1}}]},"4":{"type":"branch","line":18,"loc":{"start":{"line":18,"column":2},"end":{"line":23,"column":10}},"locations":[{"start":{"line":18,"column":2},"end":{"line":23,"column":10}}]},"5":{"type":"branch","line":26,"loc":{"start":{"line":26,"column":23},"end":{"line":26,"column":52}},"locations":[{"start":{"line":26,"column":23},"end":{"line":26,"column":52}}]},"6":{"type":"branch","line":34,"loc":{"start":{"line":34,"column":24},"end":{"line":42,"column":1}},"locations":[{"start":{"line":34,"column":24},"end":{"line":42,"column":1}}]},"7":{"type":"branch","line":38,"loc":{"start":{"line":38,"column":12},"end":{"line":38,"column":33}},"locations":[{"start":{"line":38,"column":12},"end":{"line":38,"column":33}}]},"8":{"type":"branch","line":38,"loc":{"start":{"line":38,"column":39},"end":{"line":38,"column":54}},"locations":[{"start":{"line":38,"column":39},"end":{"line":38,"column":54}}]},"9":{"type":"branch","line":39,"loc":{"start":{"line":39,"column":12},"end":{"line":39,"column":24}},"locations":[{"start":{"line":39,"column":12},"end":{"line":39,"column":24}}]},"10":{"type":"branch","line":40,"loc":{"start":{"line":40,"column":31},"end":{"line":40,"column":45}},"locations":[{"start":{"line":40,"column":31},"end":{"line":40,"column":45}}]},"11":{"type":"branch","line":44,"loc":{"start":{"line":44,"column":27},"end":{"line":44,"column":44}},"locations":[{"start":{"line":44,"column":27},"end":{"line":44,"column":44}}]}},"b":{"0":[2],"1":[0],"2":[2],"3":[2],"4":[0],"5":[2],"6":[2],"7":[6],"8":[14],"9":[2],"10":[2],"11":[2]},"fnMap":{"0":{"name":"forEachStudent","decl":{"start":{"line":4,"column":23},"end":{"line":14,"column":1}},"loc":{"start":{"line":4,"column":23},"end":{"line":14,"column":1}},"line":4},"1":{"name":"getStudents","decl":{"start":{"line":16,"column":20},"end":{"line":24,"column":1}},"loc":{"start":{"line":16,"column":20},"end":{"line":24,"column":1}},"line":16},"2":{"name":"getStudentFile","decl":{"start":{"line":26,"column":23},"end":{"line":26,"column":52}},"loc":{"start":{"line":26,"column":23},"end":{"line":26,"column":52}},"line":26},"3":{"name":"studentFileExists","decl":{"start":{"line":28,"column":26},"end":{"line":32,"column":1}},"loc":{"start":{"line":28,"column":26},"end":{"line":32,"column":1}},"line":28},"4":{"name":"getAllStudents","decl":{"start":{"line":34,"column":24},"end":{"line":42,"column":1}},"loc":{"start":{"line":34,"column":24},"end":{"line":42,"column":1}},"line":34},"5":{"name":"getAllFolderFiles","decl":{"start":{"line":44,"column":27},"end":{"line":44,"column":44}},"loc":{"start":{"line":44,"column":27},"end":{"line":44,"column":44}},"line":44}},"f":{"0":2,"1":2,"2":2,"3":0,"4":2,"5":2}}
}
