TN:
SF:list/chapter_3/10/1/peterson.js
FN:1,nothing
FNF:1
FNH:1
FNDA:1,nothing
DA:1,1
DA:2,1
DA:3,1
LF:3
LH:3
BRDA:1,0,0,1
BRF:1
BRH:1
end_of_record
TN:
SF:list/chapter_3/9/1/peterson.js
FN:1,nothing
FNF:1
FNH:1
FNDA:1,nothing
DA:1,1
DA:2,1
DA:3,1
LF:3
LH:3
BRDA:1,0,0,1
BRF:1
BRH:1
end_of_record
TN:
SF:list/utils/testUtils.js
FN:4,forEachStudent
FN:16,getStudents
FN:26,getStudentFile
FN:28,studentFileExists
FN:34,getAllStudents
FN:44,getAllFolderFiles
FNF:6
FNH:5
FNDA:2,forEachStudent
FNDA:2,getStudents
FNDA:2,getStudentFile
FNDA:0,studentFileExists
FNDA:2,getAllStudents
FNDA:2,getAllFolderFiles
DA:1,1
DA:2,1
DA:3,1
DA:4,1
DA:5,2
DA:6,2
DA:7,2
DA:8,2
DA:9,2
DA:10,2
DA:11,2
DA:12,2
DA:13,2
DA:14,2
DA:15,1
DA:16,1
DA:17,2
DA:18,2
DA:19,0
DA:20,0
DA:21,0
DA:22,0
DA:23,2
DA:24,2
DA:25,1
DA:26,1
DA:27,1
DA:28,1
DA:29,0
DA:30,0
DA:31,0
DA:32,0
DA:33,1
DA:34,1
DA:35,2
DA:36,2
DA:37,2
DA:38,2
DA:39,2
DA:40,2
DA:41,2
DA:42,2
DA:43,1
DA:44,1
DA:45,1
DA:46,1
LF:46
LH:38
BRDA:4,0,0,2
BRDA:7,1,0,0
BRDA:9,2,0,2
BRDA:16,3,0,2
BRDA:18,4,0,0
BRDA:26,5,0,2
BRDA:34,6,0,2
BRDA:38,7,0,6
BRDA:38,8,0,14
BRDA:39,9,0,2
BRDA:40,10,0,2
BRDA:44,11,0,2
BRF:12
BRH:10
end_of_record
